Removed Pin From Net: NetName=NC_relay Pin=BATT-2
Removed Pin From Net: NetName=OUT Pin=TO-1
Change Component Designator: OldDesignator=3V3 NewDesignator=T1
Change Component Designator: OldDesignator=3VO3 NewDesignator=J7
Change Component Designator: OldDesignator=12V NewDesignator=U1
Change Component Designator: OldDesignator=12VO NewDesignator=J4
Change Component Designator: OldDesignator=12VTOG NewDesignator=PS1
Change Component Designator: OldDesignator=24VOUT NewDesignator=J2
Change Component Designator: OldDesignator=BASE NewDesignator=J6
Change Component Designator: OldDesignator=BATT NewDesignator=J3
Change Component Designator: OldDesignator=FROM NewDesignator=J1
Change Component Designator: OldDesignator=TO NewDesignator=J5
Added Component: Designator=F1(*RESC3116X65N)
Add component. Clean all parameters for all variants
Add component (AddParameter): Name = "LatestRevisionDate"; Value = "17-Jul-2002"; VariantName = "[No Variations]"
Add component (AddParameter): Name = "LatestRevisionNote"; Value = "Re-released for DXP Platform."; VariantName = "[No Variations]"
Add component (AddParameter): Name = "PackageDescription"; Value = "Thru-Hole; 2 Leads"; VariantName = "[No Variations]"
Add component (AddParameter): Name = "PackageReference"; Value = "PIN-W2/E2.8"; VariantName = "[No Variations]"
Add component (AddParameter): Name = "Published"; Value = "8-Jun-2000"; VariantName = "[No Variations]"
Add component (AddParameter): Name = "Publisher"; Value = "Altium Limited"; VariantName = "[No Variations]"
Added Pin To Net: NetName=OUT Pin=F1-1
Added Pin To Net: NetName=NetF1_2 Pin=F1-2
Added Pin To Net: NetName=NetF1_2 Pin=J5-1
Added Net: Name=NetF1_2
Added Member To Class: ClassName=MainSchem Member=Component F1 Fuse 1
Added Member To Class: ClassName=MainSchem Member=Component PS1 R-78C12-1.0
Added Room: Name=MainSchem
Added Room: Name=U_Switching
