Removed Pin From Net: NetName=OUT Pin=F1-1
Removed Pin From Net: NetName=TO24 Pin=F1-2
Removed Pin From Net: NetName=NC_relay Pin=J3-2
Removed Pin From Net: NetName=TO24 Pin=J5-1
Removed Pin From Net: NetName=NO_relay Pin=J6-2
Removed Pin From Net: NetName=GND Pin=K1-A0
Removed Pin From Net: NetName=GND Pin=K2-1
Added Component: Designator=F2(*RESC3116X65N)
Add component. Clean all parameters for all variants
Add component (AddParameter): Name = "LatestRevisionDate"; Value = "17-Jul-2002"; VariantName = "[No Variations]"
Add component (AddParameter): Name = "LatestRevisionNote"; Value = "Re-released for DXP Platform."; VariantName = "[No Variations]"
Add component (AddParameter): Name = "PackageDescription"; Value = "Thru-Hole; 2 Leads"; VariantName = "[No Variations]"
Add component (AddParameter): Name = "PackageReference"; Value = "PIN-W2/E2.8"; VariantName = "[No Variations]"
Add component (AddParameter): Name = "Published"; Value = "8-Jun-2000"; VariantName = "[No Variations]"
Add component (AddParameter): Name = "Publisher"; Value = "Altium Limited"; VariantName = "[No Variations]"
Added Pin To Net: NetName=NC_relay Pin=F1-2
Added Pin To Net: NetName=NO_relay Pin=F2-2
Added Pin To Net: NetName=OUT Pin=J5-1
Added Pin To Net: NetName=TO24 Pin=K1-A0
Added Pin To Net: NetName=TO24 Pin=K2-1
Change Net Name : Old Net Name=TO24 New Net Name=NetK1_A0
Added Pin To Net: NetName=BP+ Pin=F1-1
Added Pin To Net: NetName=BP+ Pin=J3-2
Added Net: Name=BP+
Added Pin To Net: NetName=GP+ Pin=F2-1
Added Pin To Net: NetName=GP+ Pin=J6-2
Added Net: Name=GP+
Added Member To Class: ClassName=MainSchem Member=Component F2 Fuse 1
Added Room: Name=MainSchem
Added Room: Name=U_Switching
