Removed Pin From Net: NetName=3.3VOUT Pin=J4 3.3VOUT-1
Removed Pin From Net: NetName=3.3VOUT Pin=J4 3.3VOUT-2
Removed Pin From Net: NetName=12VOUT Pin=J5 12VOUT-1
Removed Pin From Net: NetName=12VOUT Pin=J5 12VOUT-2
Removed Member From Class: ClassName=UpperAviPowerSchem Member=J4 3.3VOUT
Removed Member From Class: ClassName=UpperAviPowerSchem Member=J5 12VOUT
Change Component Designator: OldDesignator=J1 GND NewDesignator=J1
Change Component Designator: OldDesignator=J2 5VOUT NewDesignator=J2
Change Component Designator: OldDesignator=J3 24VIN NewDesignator=J3
Change Component Designator: OldDesignator=J6 24VOUT NewDesignator=J6
Added Component: Designator=J4(17709661)
Add component. Clean all parameters for all variants
Add component (AddParameter): Name = "Allied_Number"; Value = "70084920"; VariantName = "[No Variations]"
Add component (AddParameter): Name = "Allied Price/Stock"; Value = "https://www.alliedelec.com/teconnectivity-1-770966-1/70084920/"; VariantName = "[No Variations]"
Add component (AddParameter): Name = "Datasheet Link"; Value = "https://www.te.com/commerce/DocumentDelivery/DDEController?Action=showdoc&DocId=Customer+Drawing%7F770966%7FG1%7Fpdf%7FEnglish%7FENG_CD_770966_G1.pdf%7F1-770966-1"; VariantName = "[No Variations]"
Add component (AddParameter): Name = "Height"; Value = "7.77mm"; VariantName = "[No Variations]"
Add component (AddParameter): Name = "Manufacturer_Name"; Value = "TE Connectivity"; VariantName = "[No Variations]"
Add component (AddParameter): Name = "Manufacturer_Part_Number"; Value = "1-770966-1"; VariantName = "[No Variations]"
Add component (AddParameter): Name = "Mouser Part Number"; Value = "571-1-770966-1"; VariantName = "[No Variations]"
Add component (AddParameter): Name = "Mouser Price/Stock"; Value = "https://www.mouser.com/Search/Refine.aspx?Keyword=571-1-770966-1"; VariantName = "[No Variations]"
Add component (AddParameter): Name = "RS Part Number"; Value = "7099906"; VariantName = "[No Variations]"
Add component (AddParameter): Name = "RS Price/Stock"; Value = "https://uk.rs-online.com/web/p/products/7099906"; VariantName = "[No Variations]"
Added Component: Designator=J5(17709661)
Add component. Clean all parameters for all variants
Add component (AddParameter): Name = "Allied_Number"; Value = "70084920"; VariantName = "[No Variations]"
Add component (AddParameter): Name = "Allied Price/Stock"; Value = "https://www.alliedelec.com/teconnectivity-1-770966-1/70084920/"; VariantName = "[No Variations]"
Add component (AddParameter): Name = "Datasheet Link"; Value = "https://www.te.com/commerce/DocumentDelivery/DDEController?Action=showdoc&DocId=Customer+Drawing%7F770966%7FG1%7Fpdf%7FEnglish%7FENG_CD_770966_G1.pdf%7F1-770966-1"; VariantName = "[No Variations]"
Add component (AddParameter): Name = "Height"; Value = "7.77mm"; VariantName = "[No Variations]"
Add component (AddParameter): Name = "Manufacturer_Name"; Value = "TE Connectivity"; VariantName = "[No Variations]"
Add component (AddParameter): Name = "Manufacturer_Part_Number"; Value = "1-770966-1"; VariantName = "[No Variations]"
Add component (AddParameter): Name = "Mouser Part Number"; Value = "571-1-770966-1"; VariantName = "[No Variations]"
Add component (AddParameter): Name = "Mouser Price/Stock"; Value = "https://www.mouser.com/Search/Refine.aspx?Keyword=571-1-770966-1"; VariantName = "[No Variations]"
Add component (AddParameter): Name = "RS Part Number"; Value = "7099906"; VariantName = "[No Variations]"
Add component (AddParameter): Name = "RS Price/Stock"; Value = "https://uk.rs-online.com/web/p/products/7099906"; VariantName = "[No Variations]"
Added Pin To Net: NetName=3.3VOUT Pin=J4-1
Added Pin To Net: NetName=3.3VOUT Pin=J4-2
Added Pin To Net: NetName=12VOUT Pin=J5-1
Added Pin To Net: NetName=12VOUT Pin=J5-2
Added Member To Class: ClassName=UpperAviPowerSchem Member=Component J4 1-770966-1
Added Member To Class: ClassName=UpperAviPowerSchem Member=Component J5 1-770966-1
Added Room: Name=UpperAviPowerSchem
