Removed Pin From Net: NetName=NetC2_1 Pin=P1-1
Removed Pin From Net: NetName=GND Pin=P1-2
Removed Pin From Net: NetName=GND Pin=P2-1
Removed Pin From Net: NetName=NetC1_1 Pin=P2-2
Removed Pin From Net: NetName=NetC5_1 Pin=P3-1
Removed Pin From Net: NetName=GND Pin=P3-2
Removed Pin From Net: NetName=NetC4_1 Pin=P4-1
Removed Pin From Net: NetName=GND Pin=P4-2
Removed Pin From Net: NetName=GND Pin=U2-1
Removed Member From Class: ClassName=UpperAviPowerSchem Member=P1
Removed Member From Class: ClassName=UpperAviPowerSchem Member=P2
Removed Member From Class: ClassName=UpperAviPowerSchem Member=P3
Removed Member From Class: ClassName=UpperAviPowerSchem Member=P4
Added Component: Designator=J1(386608802)
Add component. Clean all parameters for all variants
Add component (AddParameter): Name = "Datasheet Link"; Value = "https://componentsearchengine.com/Datasheets/1/38660-8802.pdf"; VariantName = "[No Variations]"
Add component (AddParameter): Name = "Height"; Value = "22.9mm"; VariantName = "[No Variations]"
Add component (AddParameter): Name = "Manufacturer_Name"; Value = "Molex"; VariantName = "[No Variations]"
Add component (AddParameter): Name = "Manufacturer_Part_Number"; Value = "38660-8802"; VariantName = "[No Variations]"
Add component (AddParameter): Name = "Mouser Part Number"; Value = "538-38660-8802"; VariantName = "[No Variations]"
Add component (AddParameter): Name = "Mouser Price/Stock"; Value = "https://www.mouser.com/Search/Refine.aspx?Keyword=538-38660-8802"; VariantName = "[No Variations]"
Added Component: Designator=J2(386608802)
Add component. Clean all parameters for all variants
Add component (AddParameter): Name = "Datasheet Link"; Value = "https://componentsearchengine.com/Datasheets/1/38660-8802.pdf"; VariantName = "[No Variations]"
Add component (AddParameter): Name = "Height"; Value = "22.9mm"; VariantName = "[No Variations]"
Add component (AddParameter): Name = "Manufacturer_Name"; Value = "Molex"; VariantName = "[No Variations]"
Add component (AddParameter): Name = "Manufacturer_Part_Number"; Value = "38660-8802"; VariantName = "[No Variations]"
Add component (AddParameter): Name = "Mouser Part Number"; Value = "538-38660-8802"; VariantName = "[No Variations]"
Add component (AddParameter): Name = "Mouser Price/Stock"; Value = "https://www.mouser.com/Search/Refine.aspx?Keyword=538-38660-8802"; VariantName = "[No Variations]"
Added Component: Designator=J3(386608802)
Add component. Clean all parameters for all variants
Add component (AddParameter): Name = "Datasheet Link"; Value = "https://componentsearchengine.com/Datasheets/1/38660-8802.pdf"; VariantName = "[No Variations]"
Add component (AddParameter): Name = "Height"; Value = "22.9mm"; VariantName = "[No Variations]"
Add component (AddParameter): Name = "Manufacturer_Name"; Value = "Molex"; VariantName = "[No Variations]"
Add component (AddParameter): Name = "Manufacturer_Part_Number"; Value = "38660-8802"; VariantName = "[No Variations]"
Add component (AddParameter): Name = "Mouser Part Number"; Value = "538-38660-8802"; VariantName = "[No Variations]"
Add component (AddParameter): Name = "Mouser Price/Stock"; Value = "https://www.mouser.com/Search/Refine.aspx?Keyword=538-38660-8802"; VariantName = "[No Variations]"
Added Component: Designator=J4(386608802)
Add component. Clean all parameters for all variants
Add component (AddParameter): Name = "Datasheet Link"; Value = "https://componentsearchengine.com/Datasheets/1/38660-8802.pdf"; VariantName = "[No Variations]"
Add component (AddParameter): Name = "Height"; Value = "22.9mm"; VariantName = "[No Variations]"
Add component (AddParameter): Name = "Manufacturer_Name"; Value = "Molex"; VariantName = "[No Variations]"
Add component (AddParameter): Name = "Manufacturer_Part_Number"; Value = "38660-8802"; VariantName = "[No Variations]"
Add component (AddParameter): Name = "Mouser Part Number"; Value = "538-38660-8802"; VariantName = "[No Variations]"
Add component (AddParameter): Name = "Mouser Price/Stock"; Value = "https://www.mouser.com/Search/Refine.aspx?Keyword=538-38660-8802"; VariantName = "[No Variations]"
Added Pin To Net: NetName=NetC2_1 Pin=J1-1
Added Pin To Net: NetName=GND Pin=J1-2
Added Pin To Net: NetName=NetC1_1 Pin=J2-1
Added Pin To Net: NetName=NetC5_1 Pin=J3-1
Added Pin To Net: NetName=GND Pin=J3-2
Added Pin To Net: NetName=NetC4_1 Pin=J4-1
Added Pin To Net: NetName=GND Pin=J4-2
Added Pin To Net: NetName=NetJ2_2 Pin=J2-2
Added Pin To Net: NetName=NetJ2_2 Pin=U2-1
Added Net: Name=NetJ2_2
Added Member To Class: ClassName=UpperAviPowerSchem Member=Component C2 .1uF
Added Member To Class: ClassName=UpperAviPowerSchem Member=Component J1 38660-8802
Added Member To Class: ClassName=UpperAviPowerSchem Member=Component J2 38660-8802
Added Member To Class: ClassName=UpperAviPowerSchem Member=Component J3 38660-8802
Added Member To Class: ClassName=UpperAviPowerSchem Member=Component J4 38660-8802
Added Room: Name=UpperAviPowerSchem
