Removed Pin From Net: NetName=NetC2_1 Pin=J1-1
Removed Pin From Net: NetName=NetC2_1 Pin=J1-2
Removed Pin From Net: NetName=GND Pin=J2-1
Removed Pin From Net: NetName=GND Pin=J2-2
Removed Pin From Net: NetName=NetC5_1 Pin=J3-1
Removed Pin From Net: NetName=NetC5_1 Pin=J3-2
Removed Pin From Net: NetName=NetC4_1 Pin=J4-1
Removed Pin From Net: NetName=NetC4_1 Pin=J4-2
Removed Pin From Net: NetName=GND Pin=J5-1
Removed Pin From Net: NetName=GND Pin=J5-2
Change Component Footprint: Designator=J1 Old Footprint=386608802 New Footprint=0386608802
Change Component Footprint: Designator=J2 Old Footprint=386608802 New Footprint=0386608802
Change Component Footprint: Designator=J3 Old Footprint=386608802 New Footprint=0386608802
Change Component Footprint: Designator=J4 Old Footprint=386608802 New Footprint=0386608802
Change Component Footprint: Designator=J5 Old Footprint=386608802 New Footprint=0386608802
Change Component Comment : Designator=J1 Old Comment=38660-8802 New Comment=038660-8802
Change Component Comment : Designator=J2 Old Comment=38660-8802 New Comment=038660-8802
Change Component Comment : Designator=J3 Old Comment=38660-8802 New Comment=038660-8802
Change Component Comment : Designator=J4 Old Comment=38660-8802 New Comment=038660-8802
Change Component Comment : Designator=J5 Old Comment=38660-8802 New Comment=038660-8802
Change component parameters: Designator = "J1"; Footprint = "0386608802"; UniqueID = "\VSRJUMVH"
Change component parameters. Clean all parameters for all variants
Change component parameters (AddParameter): Name = "Datasheet Link"; Value = "https://www.molex.com/pdm_docs/sd/386608802_sd.pdf"; VariantName = "[No Variations]"
Change component parameters (AddParameter): Name = "Height"; Value = "21mm"; VariantName = "[No Variations]"
Change component parameters (AddParameter): Name = "Manufacturer_Name"; Value = "Molex"; VariantName = "[No Variations]"
Change component parameters (AddParameter): Name = "Manufacturer_Part_Number"; Value = "038660-8802"; VariantName = "[No Variations]"
Change component parameters (AddParameter): Name = "Mouser Part Number"; Value = ""; VariantName = "[No Variations]"
Change component parameters (AddParameter): Name = "Mouser Price/Stock"; Value = ""; VariantName = "[No Variations]"
Change component parameters (AddParameter): Name = "RS Part Number"; Value = ""; VariantName = "[No Variations]"
Change component parameters (AddParameter): Name = "RS Price/Stock"; Value = ""; VariantName = "[No Variations]"
Change component parameters: Designator = "J2"; Footprint = "0386608802"; UniqueID = "\IFJVLVSP"
Change component parameters. Clean all parameters for all variants
Change component parameters (AddParameter): Name = "Datasheet Link"; Value = "https://www.molex.com/pdm_docs/sd/386608802_sd.pdf"; VariantName = "[No Variations]"
Change component parameters (AddParameter): Name = "Height"; Value = "21mm"; VariantName = "[No Variations]"
Change component parameters (AddParameter): Name = "Manufacturer_Name"; Value = "Molex"; VariantName = "[No Variations]"
Change component parameters (AddParameter): Name = "Manufacturer_Part_Number"; Value = "038660-8802"; VariantName = "[No Variations]"
Change component parameters (AddParameter): Name = "Mouser Part Number"; Value = ""; VariantName = "[No Variations]"
Change component parameters (AddParameter): Name = "Mouser Price/Stock"; Value = ""; VariantName = "[No Variations]"
Change component parameters (AddParameter): Name = "RS Part Number"; Value = ""; VariantName = "[No Variations]"
Change component parameters (AddParameter): Name = "RS Price/Stock"; Value = ""; VariantName = "[No Variations]"
Change component parameters: Designator = "J3"; Footprint = "0386608802"; UniqueID = "\TYOTNTDA"
Change component parameters. Clean all parameters for all variants
Change component parameters (AddParameter): Name = "Datasheet Link"; Value = "https://www.molex.com/pdm_docs/sd/386608802_sd.pdf"; VariantName = "[No Variations]"
Change component parameters (AddParameter): Name = "Height"; Value = "21mm"; VariantName = "[No Variations]"
Change component parameters (AddParameter): Name = "Manufacturer_Name"; Value = "Molex"; VariantName = "[No Variations]"
Change component parameters (AddParameter): Name = "Manufacturer_Part_Number"; Value = "038660-8802"; VariantName = "[No Variations]"
Change component parameters (AddParameter): Name = "Mouser Part Number"; Value = ""; VariantName = "[No Variations]"
Change component parameters (AddParameter): Name = "Mouser Price/Stock"; Value = ""; VariantName = "[No Variations]"
Change component parameters (AddParameter): Name = "RS Part Number"; Value = ""; VariantName = "[No Variations]"
Change component parameters (AddParameter): Name = "RS Price/Stock"; Value = ""; VariantName = "[No Variations]"
Change component parameters: Designator = "J4"; Footprint = "0386608802"; UniqueID = "\MVMNRSGA"
Change component parameters. Clean all parameters for all variants
Change component parameters (AddParameter): Name = "Datasheet Link"; Value = "https://www.molex.com/pdm_docs/sd/386608802_sd.pdf"; VariantName = "[No Variations]"
Change component parameters (AddParameter): Name = "Height"; Value = "21mm"; VariantName = "[No Variations]"
Change component parameters (AddParameter): Name = "Manufacturer_Name"; Value = "Molex"; VariantName = "[No Variations]"
Change component parameters (AddParameter): Name = "Manufacturer_Part_Number"; Value = "038660-8802"; VariantName = "[No Variations]"
Change component parameters (AddParameter): Name = "Mouser Part Number"; Value = ""; VariantName = "[No Variations]"
Change component parameters (AddParameter): Name = "Mouser Price/Stock"; Value = ""; VariantName = "[No Variations]"
Change component parameters (AddParameter): Name = "RS Part Number"; Value = ""; VariantName = "[No Variations]"
Change component parameters (AddParameter): Name = "RS Price/Stock"; Value = ""; VariantName = "[No Variations]"
Change component parameters: Designator = "J5"; Footprint = "0386608802"; UniqueID = "\UTQPWORA"
Change component parameters. Clean all parameters for all variants
Change component parameters (AddParameter): Name = "Datasheet Link"; Value = "https://www.molex.com/pdm_docs/sd/386608802_sd.pdf"; VariantName = "[No Variations]"
Change component parameters (AddParameter): Name = "Height"; Value = "21mm"; VariantName = "[No Variations]"
Change component parameters (AddParameter): Name = "Manufacturer_Name"; Value = "Molex"; VariantName = "[No Variations]"
Change component parameters (AddParameter): Name = "Manufacturer_Part_Number"; Value = "038660-8802"; VariantName = "[No Variations]"
Change component parameters (AddParameter): Name = "Mouser Part Number"; Value = ""; VariantName = "[No Variations]"
Change component parameters (AddParameter): Name = "Mouser Price/Stock"; Value = ""; VariantName = "[No Variations]"
Change component parameters (AddParameter): Name = "RS Part Number"; Value = ""; VariantName = "[No Variations]"
Change component parameters (AddParameter): Name = "RS Price/Stock"; Value = ""; VariantName = "[No Variations]"
Added Pin To Net: NetName=GND Pin=J1-1
Added Pin To Net: NetName=GND Pin=J1-2
Added Pin To Net: NetName=NetC2_1 Pin=J2-1
Added Pin To Net: NetName=NetC2_1 Pin=J2-2
Added Pin To Net: NetName=GND Pin=J3-1
Added Pin To Net: NetName=GND Pin=J3-2
Added Pin To Net: NetName=NetC5_1 Pin=J4-1
Added Pin To Net: NetName=NetC5_1 Pin=J4-2
Added Pin To Net: NetName=NetC4_1 Pin=J5-1
Added Pin To Net: NetName=NetC4_1 Pin=J5-2
Added Room: Name=UpperAviPowerSchem
