Added Component: Designator=C1(RAD-0.3)
Add component. Clean all parameters for all variants
Add component (AddParameter): Name = "LatestRevisionDate"; Value = "17-Jul-2002"; VariantName = "[No Variations]"
Add component (AddParameter): Name = "LatestRevisionNote"; Value = "Re-released for DXP Platform."; VariantName = "[No Variations]"
Add component (AddParameter): Name = "PackageDescription"; Value = "Radial Cap, Thru-Hole; 2 Leads; 0.3 in Pin Spacing"; VariantName = "[No Variations]"
Add component (AddParameter): Name = "PackageReference"; Value = "RAD-0.3"; VariantName = "[No Variations]"
Add component (AddParameter): Name = "Published"; Value = "8-Jun-2000"; VariantName = "[No Variations]"
Add component (AddParameter): Name = "Publisher"; Value = "Altium Limited"; VariantName = "[No Variations]"
Add component (AddParameter): Name = "Value"; Value = "20uF"; VariantName = "[No Variations]"
Added Component: Designator=J1(6PCV02006)
Add component. Clean all parameters for all variants
Add component (AddParameter): Name = "Datasheet Link"; Value = "https://www.te.com/commerce/DocumentDelivery/DDEController?Action=showdoc&DocId=Customer+Drawing%7F3-1437652-9%7FP%7Fpdf%7FEnglish%7FENG_CD_3-1437652-9_P_baseFilename.pdf%7F3-1437652-9"; VariantName = "[No Variations]"
Add component (AddParameter): Name = "Height"; Value = "15.875mm"; VariantName = "[No Variations]"
Add component (AddParameter): Name = "Manufacturer_Name"; Value = "TE Connectivity"; VariantName = "[No Variations]"
Add component (AddParameter): Name = "Manufacturer_Part_Number"; Value = "6PCV-02-006"; VariantName = "[No Variations]"
Add component (AddParameter): Name = "Mouser Part Number"; Value = "571-314376529"; VariantName = "[No Variations]"
Add component (AddParameter): Name = "Mouser Price/Stock"; Value = "https://www.mouser.com/Search/Refine.aspx?Keyword=571-314376529"; VariantName = "[No Variations]"
Add component (AddParameter): Name = "RS Part Number"; Value = ""; VariantName = "[No Variations]"
Add component (AddParameter): Name = "RS Price/Stock"; Value = ""; VariantName = "[No Variations]"
Added Component: Designator=J2(SHDR2W320P716_1X2_1574X813X1588P)
Add component. Clean all parameters for all variants
Add component (AddParameter): Name = "Datasheet Link"; Value = "http://cdn.sparkfun.com/datasheets/Prototyping/xt60.pdf"; VariantName = "[No Variations]"
Add component (AddParameter): Name = "Height"; Value = "15.875mm"; VariantName = "[No Variations]"
Add component (AddParameter): Name = "Manufacturer_Name"; Value = "SparkFun"; VariantName = "[No Variations]"
Add component (AddParameter): Name = "Manufacturer_Part_Number"; Value = "PRT-10474"; VariantName = "[No Variations]"
Add component (AddParameter): Name = "Mouser Part Number"; Value = "474-PRT-10474"; VariantName = "[No Variations]"
Add component (AddParameter): Name = "Mouser Price/Stock"; Value = "https://www.mouser.com/Search/Refine.aspx?Keyword=474-PRT-10474"; VariantName = "[No Variations]"
Add component (AddParameter): Name = "RS Part Number"; Value = ""; VariantName = "[No Variations]"
Add component (AddParameter): Name = "RS Price/Stock"; Value = ""; VariantName = "[No Variations]"
Added Component: Designator=J3(SHDR2W320P716_1X2_1574X813X1588P)
Add component. Clean all parameters for all variants
Add component (AddParameter): Name = "Datasheet Link"; Value = "http://cdn.sparkfun.com/datasheets/Prototyping/xt60.pdf"; VariantName = "[No Variations]"
Add component (AddParameter): Name = "Height"; Value = "15.875mm"; VariantName = "[No Variations]"
Add component (AddParameter): Name = "Manufacturer_Name"; Value = "SparkFun"; VariantName = "[No Variations]"
Add component (AddParameter): Name = "Manufacturer_Part_Number"; Value = "PRT-10474"; VariantName = "[No Variations]"
Add component (AddParameter): Name = "Mouser Part Number"; Value = "474-PRT-10474"; VariantName = "[No Variations]"
Add component (AddParameter): Name = "Mouser Price/Stock"; Value = "https://www.mouser.com/Search/Refine.aspx?Keyword=474-PRT-10474"; VariantName = "[No Variations]"
Add component (AddParameter): Name = "RS Part Number"; Value = ""; VariantName = "[No Variations]"
Add component (AddParameter): Name = "RS Price/Stock"; Value = ""; VariantName = "[No Variations]"
Added Component: Designator=J4(66200211122)
Add component. Clean all parameters for all variants
Add component (AddParameter): Name = "Datasheet Link"; Value = "http://katalog.we-online.de/em/datasheet/6620xx11122.pdf"; VariantName = "[No Variations]"
Add component (AddParameter): Name = "Manufacturer_Name"; Value = "Wurth Elektronik"; VariantName = "[No Variations]"
Add component (AddParameter): Name = "Manufacturer_Part_Number"; Value = "66200211122"; VariantName = "[No Variations]"
Add component (AddParameter): Name = "Mouser Part Number"; Value = "710-66200211122"; VariantName = "[No Variations]"
Add component (AddParameter): Name = "Mouser Price/Stock"; Value = "https://www.mouser.com/Search/Refine.aspx?Keyword=710-66200211122"; VariantName = "[No Variations]"
Add component (AddParameter): Name = "RS Part Number"; Value = "8285934P"; VariantName = "[No Variations]"
Add component (AddParameter): Name = "RS Price/Stock"; Value = "http://uk.rs-online.com/web/p/products/8285934P"; VariantName = "[No Variations]"
Added Component: Designator=J5(6PCV02006)
Add component. Clean all parameters for all variants
Add component (AddParameter): Name = "Datasheet Link"; Value = "https://www.te.com/commerce/DocumentDelivery/DDEController?Action=showdoc&DocId=Customer+Drawing%7F3-1437652-9%7FP%7Fpdf%7FEnglish%7FENG_CD_3-1437652-9_P_baseFilename.pdf%7F3-1437652-9"; VariantName = "[No Variations]"
Add component (AddParameter): Name = "Height"; Value = "15.875mm"; VariantName = "[No Variations]"
Add component (AddParameter): Name = "Manufacturer_Name"; Value = "TE Connectivity"; VariantName = "[No Variations]"
Add component (AddParameter): Name = "Manufacturer_Part_Number"; Value = "6PCV-02-006"; VariantName = "[No Variations]"
Add component (AddParameter): Name = "Mouser Part Number"; Value = "571-314376529"; VariantName = "[No Variations]"
Add component (AddParameter): Name = "Mouser Price/Stock"; Value = "https://www.mouser.com/Search/Refine.aspx?Keyword=571-314376529"; VariantName = "[No Variations]"
Add component (AddParameter): Name = "RS Part Number"; Value = ""; VariantName = "[No Variations]"
Add component (AddParameter): Name = "RS Price/Stock"; Value = ""; VariantName = "[No Variations]"
Added Component: Designator=J6(SHDR2W320P716_1X2_1574X813X1588P)
Add component. Clean all parameters for all variants
Add component (AddParameter): Name = "Datasheet Link"; Value = "http://cdn.sparkfun.com/datasheets/Prototyping/xt60.pdf"; VariantName = "[No Variations]"
Add component (AddParameter): Name = "Height"; Value = "15.875mm"; VariantName = "[No Variations]"
Add component (AddParameter): Name = "Manufacturer_Name"; Value = "SparkFun"; VariantName = "[No Variations]"
Add component (AddParameter): Name = "Manufacturer_Part_Number"; Value = "PRT-10474"; VariantName = "[No Variations]"
Add component (AddParameter): Name = "Mouser Part Number"; Value = "474-PRT-10474"; VariantName = "[No Variations]"
Add component (AddParameter): Name = "Mouser Price/Stock"; Value = "https://www.mouser.com/Search/Refine.aspx?Keyword=474-PRT-10474"; VariantName = "[No Variations]"
Add component (AddParameter): Name = "RS Part Number"; Value = ""; VariantName = "[No Variations]"
Add component (AddParameter): Name = "RS Price/Stock"; Value = ""; VariantName = "[No Variations]"
Added Component: Designator=J7(66200211122)
Add component. Clean all parameters for all variants
Add component (AddParameter): Name = "Datasheet Link"; Value = "http://katalog.we-online.de/em/datasheet/6620xx11122.pdf"; VariantName = "[No Variations]"
Add component (AddParameter): Name = "Manufacturer_Name"; Value = "Wurth Elektronik"; VariantName = "[No Variations]"
Add component (AddParameter): Name = "Manufacturer_Part_Number"; Value = "66200211122"; VariantName = "[No Variations]"
Add component (AddParameter): Name = "Mouser Part Number"; Value = "710-66200211122"; VariantName = "[No Variations]"
Add component (AddParameter): Name = "Mouser Price/Stock"; Value = "https://www.mouser.com/Search/Refine.aspx?Keyword=710-66200211122"; VariantName = "[No Variations]"
Add component (AddParameter): Name = "RS Part Number"; Value = "8285934P"; VariantName = "[No Variations]"
Add component (AddParameter): Name = "RS Price/Stock"; Value = "http://uk.rs-online.com/web/p/products/8285934P"; VariantName = "[No Variations]"
Added Component: Designator=J8(66200211122)
Add component. Clean all parameters for all variants
Add component (AddParameter): Name = "Datasheet Link"; Value = "http://katalog.we-online.de/em/datasheet/6620xx11122.pdf"; VariantName = "[No Variations]"
Add component (AddParameter): Name = "Manufacturer_Name"; Value = "Wurth Elektronik"; VariantName = "[No Variations]"
Add component (AddParameter): Name = "Manufacturer_Part_Number"; Value = "66200211122"; VariantName = "[No Variations]"
Add component (AddParameter): Name = "Mouser Part Number"; Value = "710-66200211122"; VariantName = "[No Variations]"
Add component (AddParameter): Name = "Mouser Price/Stock"; Value = "https://www.mouser.com/Search/Refine.aspx?Keyword=710-66200211122"; VariantName = "[No Variations]"
Add component (AddParameter): Name = "RS Part Number"; Value = "8285934P"; VariantName = "[No Variations]"
Add component (AddParameter): Name = "RS Price/Stock"; Value = "http://uk.rs-online.com/web/p/products/8285934P"; VariantName = "[No Variations]"
Added Component: Designator=K1(G7L2APCBDC12)
Add component. Clean all parameters for all variants
Add component (AddParameter): Name = "Allied_Number"; Value = "71561431"; VariantName = "[No Variations]"
Add component (AddParameter): Name = "Allied Price/Stock"; Value = "https://www.alliedelec.com/omronelectroniccomponents-g7l-2a-p-cb-dc12/71561431/"; VariantName = "[No Variations]"
Add component (AddParameter): Name = "Datasheet Link"; Value = "https://omronfs.omron.com/en_US/ecb/products/pdf/en-g7l.pdf"; VariantName = "[No Variations]"
Add component (AddParameter): Name = "Height"; Value = "41mm"; VariantName = "[No Variations]"
Add component (AddParameter): Name = "Manufacturer_Name"; Value = "Omron Electronics"; VariantName = "[No Variations]"
Add component (AddParameter): Name = "Manufacturer_Part_Number"; Value = "G7L-2A-P-CB-DC12"; VariantName = "[No Variations]"
Add component (AddParameter): Name = "Mouser Part Number"; Value = "653-G7L-2A-PCB-DC12"; VariantName = "[No Variations]"
Add component (AddParameter): Name = "Mouser Price/Stock"; Value = "https://www.mouser.com/Search/Refine.aspx?Keyword=653-G7L-2A-PCB-DC12"; VariantName = "[No Variations]"
Add component (AddParameter): Name = "RS Part Number"; Value = ""; VariantName = "[No Variations]"
Add component (AddParameter): Name = "RS Price/Stock"; Value = ""; VariantName = "[No Variations]"
Added Component: Designator=K2(T9GV2L1412)
Add component. Clean all parameters for all variants
Add component (AddParameter): Name = "Datasheet Link"; Value = "https://www.te.com/commerce/DocumentDelivery/DDEController?Action=showdoc&DocId=Data+Sheet%7FT9G_1216%7F0718%7Fpdf%7FEnglish%7FENG_DS_T9G_1216_0718.pdf%7F1558662-3"; VariantName = "[No Variations]"
Add component (AddParameter): Name = "Height"; Value = "3.7mm"; VariantName = "[No Variations]"
Add component (AddParameter): Name = "Manufacturer_Name"; Value = "TE Connectivity"; VariantName = "[No Variations]"
Add component (AddParameter): Name = "Manufacturer_Part_Number"; Value = "T9GV2L14-12"; VariantName = "[No Variations]"
Add component (AddParameter): Name = "Mouser Part Number"; Value = "655-T9GV2L14-12"; VariantName = "[No Variations]"
Add component (AddParameter): Name = "Mouser Price/Stock"; Value = "https://www.mouser.com/Search/Refine.aspx?Keyword=655-T9GV2L14-12"; VariantName = "[No Variations]"
Add component (AddParameter): Name = "RS Part Number"; Value = ""; VariantName = "[No Variations]"
Add component (AddParameter): Name = "RS Price/Stock"; Value = ""; VariantName = "[No Variations]"
Added Component: Designator=T1(TSR-2)
Add component. Clean all parameters for all variants
Add component (AddParameter): Name = "Allied_Number"; Value = "71066182"; VariantName = "[No Variations]"
Add component (AddParameter): Name = "Allied Price/Stock"; Value = "https://www.alliedelec.com/tracopower-tsr-2-2433/71066182/"; VariantName = "[No Variations]"
Add component (AddParameter): Name = "Datasheet Link"; Value = "http://assets.tracopower.com/20170228093640/TSR2/documents/tsr2-datasheet.pdf"; VariantName = "[No Variations]"
Add component (AddParameter): Name = "Manufacturer_Name"; Value = "Traco Power"; VariantName = "[No Variations]"
Add component (AddParameter): Name = "Manufacturer_Part_Number"; Value = "TSR 2-2433"; VariantName = "[No Variations]"
Add component (AddParameter): Name = "Mouser Part Number"; Value = "495-TSR2-2433"; VariantName = "[No Variations]"
Add component (AddParameter): Name = "Mouser Price/Stock"; Value = "https://www.mouser.com/Search/Refine.aspx?Keyword=495-TSR2-2433"; VariantName = "[No Variations]"
Add component (AddParameter): Name = "RS Part Number"; Value = "9068478P"; VariantName = "[No Variations]"
Add component (AddParameter): Name = "RS Price/Stock"; Value = "http://uk.rs-online.com/web/p/products/9068478P"; VariantName = "[No Variations]"
Added Component: Designator=U1(TSR-2)
Add component. Clean all parameters for all variants
Add component (AddParameter): Name = "Allied_Number"; Value = "71066177"; VariantName = "[No Variations]"
Add component (AddParameter): Name = "Allied Price/Stock"; Value = "https://www.alliedelec.com/tracopower-tsr-2-24120/71066177/"; VariantName = "[No Variations]"
Add component (AddParameter): Name = "Datasheet Link"; Value = "https://assets.tracopower.com/20180205131340/TSR2/documents/tsr2-datasheet.pdf"; VariantName = "[No Variations]"
Add component (AddParameter): Name = "Manufacturer_Name"; Value = "Traco Power"; VariantName = "[No Variations]"
Add component (AddParameter): Name = "Manufacturer_Part_Number"; Value = "TSR 2-24120"; VariantName = "[No Variations]"
Add component (AddParameter): Name = "Mouser Part Number"; Value = "495-TSR2-24120"; VariantName = "[No Variations]"
Add component (AddParameter): Name = "Mouser Price/Stock"; Value = "https://www.mouser.com/Search/Refine.aspx?Keyword=495-TSR2-24120"; VariantName = "[No Variations]"
Add component (AddParameter): Name = "RS Part Number"; Value = "9068493P"; VariantName = "[No Variations]"
Add component (AddParameter): Name = "RS Price/Stock"; Value = "http://uk.rs-online.com/web/p/products/9068493P"; VariantName = "[No Variations]"
Added Pin To Net: NetName=GND Pin=C1-2
Added Pin To Net: NetName=GND Pin=J1-2
Added Pin To Net: NetName=GND Pin=J2-1
Added Pin To Net: NetName=GND Pin=J3-1
Added Pin To Net: NetName=GND Pin=J4-1
Added Pin To Net: NetName=GND Pin=J5-2
Added Pin To Net: NetName=GND Pin=J6-1
Added Pin To Net: NetName=GND Pin=J7-1
Added Pin To Net: NetName=GND Pin=J8-1
Added Pin To Net: NetName=GND Pin=K1-A0
Added Pin To Net: NetName=GND Pin=K2-1
Added Pin To Net: NetName=GND Pin=T1-2
Added Pin To Net: NetName=GND Pin=U1-2
Added Net: Name=GND
Added Pin To Net: NetName=NetC1_1 Pin=C1-1
Added Pin To Net: NetName=NetC1_1 Pin=J5-1
Added Pin To Net: NetName=NetC1_1 Pin=K1-2
Added Pin To Net: NetName=NetC1_1 Pin=K2-5
Added Net: Name=NetC1_1
Added Pin To Net: NetName=NetJ1_1 Pin=J1-1
Added Pin To Net: NetName=NetJ1_1 Pin=J2-2
Added Pin To Net: NetName=NetJ1_1 Pin=T1-1
Added Pin To Net: NetName=NetJ1_1 Pin=U1-1
Added Net: Name=NetJ1_1
Added Pin To Net: NetName=NetJ3_2 Pin=J3-2
Added Pin To Net: NetName=NetJ3_2 Pin=K2-3
Added Net: Name=NetJ3_2
Added Pin To Net: NetName=NetJ4_2 Pin=J4-2
Added Pin To Net: NetName=NetJ4_2 Pin=U1-3
Added Net: Name=NetJ4_2
Added Pin To Net: NetName=NetJ6_2 Pin=J6-2
Added Pin To Net: NetName=NetJ6_2 Pin=K1-4
Added Net: Name=NetJ6_2
Added Pin To Net: NetName=NetJ7_2 Pin=J7-2
Added Pin To Net: NetName=NetJ7_2 Pin=T1-3
Added Net: Name=NetJ7_2
Added Pin To Net: NetName=NetJ8_2 Pin=J8-2
Added Pin To Net: NetName=NetJ8_2 Pin=K1-A1
Added Pin To Net: NetName=NetJ8_2 Pin=K2-2
Added Net: Name=NetJ8_2
Added Class: Name=MainSchem
Added Class: Name=U_Switching
Added Room: Name=MainSchem
Added Room: Name=U_Switching
